Namespace(input_folder='/mnt/pfs-guan-ssai/nlu/renhuimin/rag_tool/data/train_data/sft/jsonl/latest/renhuimin_assistant_sft/', output_folder='/mnt/pfs-guan-ssai/nlu/renhuimin/data/trained_querys/')
/mnt/pfs-guan-ssai/nlu/renhuimin/rag_tool/data/train_data/sft/jsonl/latest/renhuimin_assistant_sft/log_feishu/feishuLog_by0721_4k.jsonl
/mnt/pfs-guan-ssai/nlu/renhuimin/rag_tool/data/train_data/sft/jsonl/latest/renhuimin_assistant_sft/log_app/sft_by0812.jsonl
/mnt/pfs-guan-ssai/nlu/renhuimin/rag_tool/data/train_data/sft/jsonl/latest/renhuimin_assistant_sft/log_app/sft_by0807.jsonl
/mnt/pfs-guan-ssai/nlu/renhuimin/rag_tool/data/train_data/sft/jsonl/latest/renhuimin_assistant_sft/log_app/appLogGeneral_by0717_8k.jsonl
/mnt/pfs-guan-ssai/nlu/renhuimin/rag_tool/data/train_data/sft/jsonl/latest/renhuimin_assistant_sft/log_app/appTest_1k.jsonl
/mnt/pfs-guan-ssai/nlu/renhuimin/rag_tool/data/train_data/sft/jsonl/latest/renhuimin_assistant_sft/log_app/appLogRaw_1763.jsonl
/mnt/pfs-guan-ssai/nlu/renhuimin/rag_tool/data/train_data/sft/jsonl/latest/renhuimin_assistant_sft/log_app/appLog_dpo_by0808_120.jsonl
/mnt/pfs-guan-ssai/nlu/renhuimin/rag_tool/data/train_data/sft/jsonl/latest/renhuimin_assistant_sft/log_app/appLog_by0804_700.jsonl
/mnt/pfs-guan-ssai/nlu/renhuimin/rag_tool/data/train_data/sft/jsonl/latest/renhuimin_assistant_sft/log_app/vip122.jsonl
/mnt/pfs-guan-ssai/nlu/renhuimin/rag_tool/data/train_data/sft/jsonl/latest/renhuimin_assistant_sft/log_app/appLog_by0804_1500.jsonl
/mnt/pfs-guan-ssai/nlu/renhuimin/rag_tool/data/train_data/sft/jsonl/latest/renhuimin_assistant_sft/business/entertainment/movie-single.jsonl
/mnt/pfs-guan-ssai/nlu/renhuimin/rag_tool/data/train_data/sft/jsonl/latest/renhuimin_assistant_sft/business/entertainment/music-single.jsonl
/mnt/pfs-guan-ssai/nlu/renhuimin/rag_tool/data/train_data/sft/jsonl/latest/renhuimin_assistant_sft/business/entertainment/news-single.jsonl
/mnt/pfs-guan-ssai/nlu/renhuimin/rag_tool/data/train_data/sft/jsonl/latest/renhuimin_assistant_sft/business/entertainment/sports_multi.jsonl
/mnt/pfs-guan-ssai/nlu/renhuimin/rag_tool/data/train_data/sft/jsonl/latest/renhuimin_assistant_sft/business/entertainment/sports-single.jsonl
/mnt/pfs-guan-ssai/nlu/renhuimin/rag_tool/data/train_data/sft/jsonl/latest/renhuimin_assistant_sft/business/entertainment/multi/movie-sameCate-multi.jsonl
/mnt/pfs-guan-ssai/nlu/renhuimin/rag_tool/data/train_data/sft/jsonl/latest/renhuimin_assistant_sft/business/entertainment/multi/movie-self-multi.jsonl
/mnt/pfs-guan-ssai/nlu/renhuimin/rag_tool/data/train_data/sft/jsonl/latest/renhuimin_assistant_sft/business/entertainment/multi/news-self-multi.jsonl
/mnt/pfs-guan-ssai/nlu/renhuimin/rag_tool/data/train_data/sft/jsonl/latest/renhuimin_assistant_sft/business/entertainment/multi/sports-sameCate-multi.jsonl
/mnt/pfs-guan-ssai/nlu/renhuimin/rag_tool/data/train_data/sft/jsonl/latest/renhuimin_assistant_sft/business/entertainment/multi/news-sameCate-multi.jsonl
/mnt/pfs-guan-ssai/nlu/renhuimin/rag_tool/data/train_data/sft/jsonl/latest/renhuimin_assistant_sft/business/entertainment/multi/music-sameCate-multi.jsonl
/mnt/pfs-guan-ssai/nlu/renhuimin/rag_tool/data/train_data/sft/jsonl/latest/renhuimin_assistant_sft/business/entertainment/multi/sports-self-multi.jsonl
/mnt/pfs-guan-ssai/nlu/renhuimin/rag_tool/data/train_data/sft/jsonl/latest/renhuimin_assistant_sft/business/entertainment/multi/music-self-multi.jsonl
/mnt/pfs-guan-ssai/nlu/renhuimin/rag_tool/data/train_data/sft/jsonl/latest/renhuimin_assistant_sft/business/tourism/planning-single.jsonl
/mnt/pfs-guan-ssai/nlu/renhuimin/rag_tool/data/train_data/sft/jsonl/latest/renhuimin_assistant_sft/business/tourism/tourism-single.jsonl
/mnt/pfs-guan-ssai/nlu/renhuimin/rag_tool/data/train_data/sft/jsonl/latest/renhuimin_assistant_sft/business/tourism/brCard-single.jsonl
/mnt/pfs-guan-ssai/nlu/renhuimin/rag_tool/data/train_data/sft/jsonl/latest/renhuimin_assistant_sft/business/tourism/location-single.jsonl
/mnt/pfs-guan-ssai/nlu/renhuimin/rag_tool/data/train_data/sft/jsonl/latest/renhuimin_assistant_sft/business/tourism/nobr-single.jsonl
/mnt/pfs-guan-ssai/nlu/renhuimin/rag_tool/data/train_data/sft/jsonl/latest/renhuimin_assistant_sft/business/tourism/multi/planning-sameCate-multi.jsonl
/mnt/pfs-guan-ssai/nlu/renhuimin/rag_tool/data/train_data/sft/jsonl/latest/renhuimin_assistant_sft/business/tourism/multi/nobr-self-multi.jsonl
/mnt/pfs-guan-ssai/nlu/renhuimin/rag_tool/data/train_data/sft/jsonl/latest/renhuimin_assistant_sft/business/tourism/multi/location-sameCate-multi.jsonl
/mnt/pfs-guan-ssai/nlu/renhuimin/rag_tool/data/train_data/sft/jsonl/latest/renhuimin_assistant_sft/business/tourism/multi/tourism-self-multi.jsonl
/mnt/pfs-guan-ssai/nlu/renhuimin/rag_tool/data/train_data/sft/jsonl/latest/renhuimin_assistant_sft/business/tourism/multi/location-self-multi.jsonl
/mnt/pfs-guan-ssai/nlu/renhuimin/rag_tool/data/train_data/sft/jsonl/latest/renhuimin_assistant_sft/business/tourism/multi/nobr-sameCate-multi.jsonl
/mnt/pfs-guan-ssai/nlu/renhuimin/rag_tool/data/train_data/sft/jsonl/latest/renhuimin_assistant_sft/business/tourism/multi/brCard-self-multi.jsonl
/mnt/pfs-guan-ssai/nlu/renhuimin/rag_tool/data/train_data/sft/jsonl/latest/renhuimin_assistant_sft/business/tourism/multi/onlineLog-sameCate-multi.jsonl
/mnt/pfs-guan-ssai/nlu/renhuimin/rag_tool/data/train_data/sft/jsonl/latest/renhuimin_assistant_sft/business/tourism/multi/brCard-sameCate-multi.jsonl
/mnt/pfs-guan-ssai/nlu/renhuimin/rag_tool/data/train_data/sft/jsonl/latest/renhuimin_assistant_sft/business/tourism/multi/tourism-sameCate-multi.jsonl
/mnt/pfs-guan-ssai/nlu/renhuimin/rag_tool/data/train_data/sft/jsonl/latest/renhuimin_assistant_sft/business/tourism/multi/onlineLog-self-multi.jsonl
/mnt/pfs-guan-ssai/nlu/renhuimin/rag_tool/data/train_data/sft/jsonl/latest/renhuimin_assistant_sft/business/tourism/multi/planning-self-multi.jsonl
/mnt/pfs-guan-ssai/nlu/renhuimin/rag_tool/data/train_data/sft/jsonl/latest/renhuimin_assistant_sft/business/car/cxo-single.jsonl
/mnt/pfs-guan-ssai/nlu/renhuimin/rag_tool/data/train_data/sft/jsonl/latest/renhuimin_assistant_sft/business/car/realtime-single.jsonl
/mnt/pfs-guan-ssai/nlu/renhuimin/rag_tool/data/train_data/sft/jsonl/latest/renhuimin_assistant_sft/business/car/nobr-single.jsonl
/mnt/pfs-guan-ssai/nlu/renhuimin/rag_tool/data/train_data/sft/jsonl/latest/renhuimin_assistant_sft/business/car/half-single.jsonl
/mnt/pfs-guan-ssai/nlu/renhuimin/rag_tool/data/train_data/sft/jsonl/latest/renhuimin_assistant_sft/business/car/wholeComparison-single.jsonl
/mnt/pfs-guan-ssai/nlu/renhuimin/rag_tool/data/train_data/sft/jsonl/latest/renhuimin_assistant_sft/business/car/irrelevant-single.jsonl
/mnt/pfs-guan-ssai/nlu/renhuimin/rag_tool/data/train_data/sft/jsonl/latest/renhuimin_assistant_sft/business/car/paramComparison-single.jsonl
/mnt/pfs-guan-ssai/nlu/renhuimin/rag_tool/data/train_data/sft/jsonl/latest/renhuimin_assistant_sft/business/car/brCard-single.jsonl
/mnt/pfs-guan-ssai/nlu/renhuimin/rag_tool/data/train_data/sft/jsonl/latest/renhuimin_assistant_sft/business/car/charge-single.jsonl
/mnt/pfs-guan-ssai/nlu/renhuimin/rag_tool/data/train_data/sft/jsonl/latest/renhuimin_assistant_sft/business/car/service-single.jsonl
/mnt/pfs-guan-ssai/nlu/renhuimin/rag_tool/data/train_data/sft/jsonl/latest/renhuimin_assistant_sft/business/car/prompt-single.jsonl
/mnt/pfs-guan-ssai/nlu/renhuimin/rag_tool/data/train_data/sft/jsonl/latest/renhuimin_assistant_sft/business/car/multi/realtime-sameCate-multi.jsonl
/mnt/pfs-guan-ssai/nlu/renhuimin/rag_tool/data/train_data/sft/jsonl/latest/renhuimin_assistant_sft/business/car/multi/brCard-sameCate-multi.jsonl
/mnt/pfs-guan-ssai/nlu/renhuimin/rag_tool/data/train_data/sft/jsonl/latest/renhuimin_assistant_sft/business/car/multi/realtime-self-multi.jsonl
/mnt/pfs-guan-ssai/nlu/renhuimin/rag_tool/data/train_data/sft/jsonl/latest/renhuimin_assistant_sft/business/car/multi/brCard-self-multi.jsonl
/mnt/pfs-guan-ssai/nlu/renhuimin/rag_tool/data/train_data/sft/jsonl/latest/renhuimin_assistant_sft/business/car/multi/paramComparison-sameCate-multi.jsonl
/mnt/pfs-guan-ssai/nlu/renhuimin/rag_tool/data/train_data/sft/jsonl/latest/renhuimin_assistant_sft/business/car/multi/nobr-self-multi.jsonl
/mnt/pfs-guan-ssai/nlu/renhuimin/rag_tool/data/train_data/sft/jsonl/latest/renhuimin_assistant_sft/business/car/multi/prompt-sameCate-multi.jsonl
/mnt/pfs-guan-ssai/nlu/renhuimin/rag_tool/data/train_data/sft/jsonl/latest/renhuimin_assistant_sft/business/car/multi/service-sameCate-multi.jsonl
/mnt/pfs-guan-ssai/nlu/renhuimin/rag_tool/data/train_data/sft/jsonl/latest/renhuimin_assistant_sft/business/car/multi/charge-sameCate-multi.jsonl
/mnt/pfs-guan-ssai/nlu/renhuimin/rag_tool/data/train_data/sft/jsonl/latest/renhuimin_assistant_sft/business/car/multi/half-sameCate-multi.jsonl
/mnt/pfs-guan-ssai/nlu/renhuimin/rag_tool/data/train_data/sft/jsonl/latest/renhuimin_assistant_sft/business/car/multi/CarOnlineLog-self-multi.jsonl
/mnt/pfs-guan-ssai/nlu/renhuimin/rag_tool/data/train_data/sft/jsonl/latest/renhuimin_assistant_sft/business/car/multi/half-self-multi.jsonl
/mnt/pfs-guan-ssai/nlu/renhuimin/rag_tool/data/train_data/sft/jsonl/latest/renhuimin_assistant_sft/business/car/multi/paramComparison-self-multi.jsonl
/mnt/pfs-guan-ssai/nlu/renhuimin/rag_tool/data/train_data/sft/jsonl/latest/renhuimin_assistant_sft/business/car/multi/wholeComparison-sameCate-multi.jsonl
/mnt/pfs-guan-ssai/nlu/renhuimin/rag_tool/data/train_data/sft/jsonl/latest/renhuimin_assistant_sft/business/car/multi/irrelevant-sameCate-multi.jsonl
/mnt/pfs-guan-ssai/nlu/renhuimin/rag_tool/data/train_data/sft/jsonl/latest/renhuimin_assistant_sft/business/car/multi/service-self-multi.jsonl
/mnt/pfs-guan-ssai/nlu/renhuimin/rag_tool/data/train_data/sft/jsonl/latest/renhuimin_assistant_sft/business/car/multi/CarOnlineLog-sameCate-multi.jsonl
/mnt/pfs-guan-ssai/nlu/renhuimin/rag_tool/data/train_data/sft/jsonl/latest/renhuimin_assistant_sft/business/car/multi/nobr-sameCate-multi.jsonl
/mnt/pfs-guan-ssai/nlu/renhuimin/rag_tool/data/train_data/sft/jsonl/latest/renhuimin_assistant_sft/business/car/multi/cxo-self-multi.jsonl
/mnt/pfs-guan-ssai/nlu/renhuimin/rag_tool/data/train_data/sft/jsonl/latest/renhuimin_assistant_sft/business/car/multi/charge-self-multi.jsonl
/mnt/pfs-guan-ssai/nlu/renhuimin/rag_tool/data/train_data/sft/jsonl/latest/renhuimin_assistant_sft/business/car/multi/prompt-self-multi.jsonl
/mnt/pfs-guan-ssai/nlu/renhuimin/rag_tool/data/train_data/sft/jsonl/latest/renhuimin_assistant_sft/business/car/multi/irrelevant-self-multi.jsonl
/mnt/pfs-guan-ssai/nlu/renhuimin/rag_tool/data/train_data/sft/jsonl/latest/renhuimin_assistant_sft/business/car/multi/wholeComparison-self-multi.jsonl
/mnt/pfs-guan-ssai/nlu/renhuimin/rag_tool/data/train_data/sft/jsonl/latest/renhuimin_assistant_sft/business/car/multi/cxo-sameCate-multi.jsonl
/mnt/pfs-guan-ssai/nlu/renhuimin/rag_tool/data/train_data/sft/jsonl/latest/renhuimin_assistant_sft/business/general/poem-single.jsonl
/mnt/pfs-guan-ssai/nlu/renhuimin/rag_tool/data/train_data/sft/jsonl/latest/renhuimin_assistant_sft/business/general/brCard-single.jsonl
/mnt/pfs-guan-ssai/nlu/renhuimin/rag_tool/data/train_data/sft/jsonl/latest/renhuimin_assistant_sft/business/general/baikePPl-single.jsonl
/mnt/pfs-guan-ssai/nlu/renhuimin/rag_tool/data/train_data/sft/jsonl/latest/renhuimin_assistant_sft/business/general/p0123-single.jsonl
/mnt/pfs-guan-ssai/nlu/renhuimin/rag_tool/data/train_data/sft/jsonl/latest/renhuimin_assistant_sft/business/general/zhihu-single.jsonl
/mnt/pfs-guan-ssai/nlu/renhuimin/rag_tool/data/train_data/sft/jsonl/latest/renhuimin_assistant_sft/business/general/general-single.jsonl
/mnt/pfs-guan-ssai/nlu/renhuimin/rag_tool/data/train_data/sft/jsonl/latest/renhuimin_assistant_sft/business/general/character-single.jsonl
/mnt/pfs-guan-ssai/nlu/renhuimin/rag_tool/data/train_data/sft/jsonl/latest/renhuimin_assistant_sft/business/general/baikeMovie-single.jsonl
/mnt/pfs-guan-ssai/nlu/renhuimin/rag_tool/data/train_data/sft/jsonl/latest/renhuimin_assistant_sft/business/general/whynot-single.jsonl
/mnt/pfs-guan-ssai/nlu/renhuimin/rag_tool/data/train_data/sft/jsonl/latest/renhuimin_assistant_sft/business/general/multi/baikeMovie-self-multi.jsonl
/mnt/pfs-guan-ssai/nlu/renhuimin/rag_tool/data/train_data/sft/jsonl/latest/renhuimin_assistant_sft/business/general/multi/brCard-self-multi.jsonl
/mnt/pfs-guan-ssai/nlu/renhuimin/rag_tool/data/train_data/sft/jsonl/latest/renhuimin_assistant_sft/business/general/multi/digits-self-multi.jsonl
/mnt/pfs-guan-ssai/nlu/renhuimin/rag_tool/data/train_data/sft/jsonl/latest/renhuimin_assistant_sft/business/general/multi/poem-sameCate-multi.jsonl
/mnt/pfs-guan-ssai/nlu/renhuimin/rag_tool/data/train_data/sft/jsonl/latest/renhuimin_assistant_sft/business/general/multi/baikeMovie-sameCate-multi.jsonl
/mnt/pfs-guan-ssai/nlu/renhuimin/rag_tool/data/train_data/sft/jsonl/latest/renhuimin_assistant_sft/business/general/multi/onlineLog-self-multi.jsonl
/mnt/pfs-guan-ssai/nlu/renhuimin/rag_tool/data/train_data/sft/jsonl/latest/renhuimin_assistant_sft/business/general/multi/whynot-self-multi.jsonl
/mnt/pfs-guan-ssai/nlu/renhuimin/rag_tool/data/train_data/sft/jsonl/latest/renhuimin_assistant_sft/business/general/multi/digits-sameCate-multi.jsonl
/mnt/pfs-guan-ssai/nlu/renhuimin/rag_tool/data/train_data/sft/jsonl/latest/renhuimin_assistant_sft/business/general/multi/character-self-multi.jsonl
/mnt/pfs-guan-ssai/nlu/renhuimin/rag_tool/data/train_data/sft/jsonl/latest/renhuimin_assistant_sft/business/general/multi/obsTime-self-multi.jsonl
/mnt/pfs-guan-ssai/nlu/renhuimin/rag_tool/data/train_data/sft/jsonl/latest/renhuimin_assistant_sft/business/general/multi/p0123-sameCate-multi.jsonl
/mnt/pfs-guan-ssai/nlu/renhuimin/rag_tool/data/train_data/sft/jsonl/latest/renhuimin_assistant_sft/business/general/multi/obsQiyi-sameCate-multi.jsonl
/mnt/pfs-guan-ssai/nlu/renhuimin/rag_tool/data/train_data/sft/jsonl/latest/renhuimin_assistant_sft/business/general/multi/general-sameCate-multi.jsonl
/mnt/pfs-guan-ssai/nlu/renhuimin/rag_tool/data/train_data/sft/jsonl/latest/renhuimin_assistant_sft/business/general/multi/p0123-self-multi.jsonl
/mnt/pfs-guan-ssai/nlu/renhuimin/rag_tool/data/train_data/sft/jsonl/latest/renhuimin_assistant_sft/business/general/multi/onlineLog-sameCate-multi.jsonl
/mnt/pfs-guan-ssai/nlu/renhuimin/rag_tool/data/train_data/sft/jsonl/latest/renhuimin_assistant_sft/business/general/multi/character-sameCate-multi.jsonl
/mnt/pfs-guan-ssai/nlu/renhuimin/rag_tool/data/train_data/sft/jsonl/latest/renhuimin_assistant_sft/business/general/multi/brCard-sameCate-multi.jsonl
/mnt/pfs-guan-ssai/nlu/renhuimin/rag_tool/data/train_data/sft/jsonl/latest/renhuimin_assistant_sft/business/general/multi/obsQiyi-self-multi.jsonl
/mnt/pfs-guan-ssai/nlu/renhuimin/rag_tool/data/train_data/sft/jsonl/latest/renhuimin_assistant_sft/business/general/multi/general-self-multi.jsonl
/mnt/pfs-guan-ssai/nlu/renhuimin/rag_tool/data/train_data/sft/jsonl/latest/renhuimin_assistant_sft/business/general/multi/zhihu-self-multi.jsonl
/mnt/pfs-guan-ssai/nlu/renhuimin/rag_tool/data/train_data/sft/jsonl/latest/renhuimin_assistant_sft/business/general/multi/poem-self-multi.jsonl
/mnt/pfs-guan-ssai/nlu/renhuimin/rag_tool/data/train_data/sft/jsonl/latest/renhuimin_assistant_sft/business/general/multi/obsTime-sameCate-multi.jsonl
/mnt/pfs-guan-ssai/nlu/renhuimin/rag_tool/data/train_data/sft/jsonl/latest/renhuimin_assistant_sft/business/general/multi/baikePPl-sameCate-multi.jsonl
/mnt/pfs-guan-ssai/nlu/renhuimin/rag_tool/data/train_data/sft/jsonl/latest/renhuimin_assistant_sft/business/general/multi/whynot-sameCate-multi.jsonl
/mnt/pfs-guan-ssai/nlu/renhuimin/rag_tool/data/train_data/sft/jsonl/latest/renhuimin_assistant_sft/business/general/multi/zhihu-sameCate-multi.jsonl
/mnt/pfs-guan-ssai/nlu/renhuimin/rag_tool/data/train_data/sft/jsonl/latest/renhuimin_assistant_sft/business/general/multi/baikePPl-self-multi.jsonl
/mnt/pfs-guan-ssai/nlu/renhuimin/rag_tool/data/train_data/sft/jsonl/latest/renhuimin_assistant_sft/log_car/CarOnlineLog-single.jsonl
/mnt/pfs-guan-ssai/nlu/renhuimin/rag_tool/data/train_data/sft/jsonl/latest/renhuimin_assistant_sft/log_car/TourismOnlineLog-single.jsonl
/mnt/pfs-guan-ssai/nlu/renhuimin/rag_tool/data/train_data/sft/jsonl/latest/renhuimin_assistant_sft/log_car/generalOnlineLog-single.jsonl
/mnt/pfs-guan-ssai/nlu/renhuimin/rag_tool/data/train_data/sft/jsonl/latest/renhuimin_assistant_sft/multi_turn/human_multi_29kto10k.jsonl
/mnt/pfs-guan-ssai/nlu/renhuimin/rag_tool/data/train_data/sft/jsonl/latest/renhuimin_assistant_sft/multi_turn/human_multi_Feb1k.jsonl
/mnt/pfs-guan-ssai/nlu/renhuimin/rag_tool/data/train_data/sft/jsonl/latest/renhuimin_assistant_sft/multi_turn/human_multi_12kto6k.jsonl
/mnt/pfs-guan-ssai/nlu/renhuimin/rag_tool/data/train_data/sft/jsonl/latest/renhuimin_assistant_sft/multi_turn/auto_multi_46k_0615.jsonl
/mnt/pfs-guan-ssai/nlu/renhuimin/rag_tool/data/train_data/sft/jsonl/latest/renhuimin_assistant_sft/multi_turn/multi_MarAprMay5k.jsonl
/mnt/pfs-guan-ssai/nlu/renhuimin/rag_tool/data/train_data/sft/jsonl/latest/renhuimin_assistant_sft/skills/noRAGobs-single.jsonl
/mnt/pfs-guan-ssai/nlu/renhuimin/rag_tool/data/train_data/sft/jsonl/latest/renhuimin_assistant_sft/skills/comparenumber_122.jsonl
/mnt/pfs-guan-ssai/nlu/renhuimin/rag_tool/data/train_data/sft/jsonl/latest/renhuimin_assistant_sft/skills/obsMoreRel2k-single.jsonl
/mnt/pfs-guan-ssai/nlu/renhuimin/rag_tool/data/train_data/sft/jsonl/latest/renhuimin_assistant_sft/skills/car_table_31.jsonl
/mnt/pfs-guan-ssai/nlu/renhuimin/rag_tool/data/train_data/sft/jsonl/latest/renhuimin_assistant_sft/skills/digits-single.jsonl
/mnt/pfs-guan-ssai/nlu/renhuimin/rag_tool/data/train_data/sft/jsonl/latest/renhuimin_assistant_sft/skills/obsMoreIrre2-single.jsonl
/mnt/pfs-guan-ssai/nlu/renhuimin/rag_tool/data/train_data/sft/jsonl/latest/renhuimin_assistant_sft/skills/car_table_88.jsonl
/mnt/pfs-guan-ssai/nlu/renhuimin/rag_tool/data/train_data/sft/jsonl/latest/renhuimin_assistant_sft/skills/dpo_positive_sft_entityQA_error_0808.jsonl
/mnt/pfs-guan-ssai/nlu/renhuimin/rag_tool/data/train_data/sft/jsonl/latest/renhuimin_assistant_sft/skills/dpo_positive_sft_entityQA_ambig_0808.jsonl
/mnt/pfs-guan-ssai/nlu/renhuimin/rag_tool/data/train_data/sft/jsonl/latest/renhuimin_assistant_sft/skills/obsQiyi-single.jsonl
/mnt/pfs-guan-ssai/nlu/renhuimin/rag_tool/data/train_data/sft/jsonl/latest/renhuimin_assistant_sft/skills/skills-single.jsonl
/mnt/pfs-guan-ssai/nlu/renhuimin/rag_tool/data/train_data/sft/jsonl/latest/renhuimin_assistant_sft/skills/obsMoreIrre1-single.jsonl
/mnt/pfs-guan-ssai/nlu/renhuimin/rag_tool/data/train_data/sft/jsonl/latest/renhuimin_assistant_sft/skills/obsFollowMD-single.jsonl
/mnt/pfs-guan-ssai/nlu/renhuimin/rag_tool/data/train_data/sft/jsonl/latest/renhuimin_assistant_sft/skills/obsTime-single.jsonl
/mnt/pfs-guan-ssai/nlu/renhuimin/rag_tool/data/train_data/sft/jsonl/latest/renhuimin_assistant_sft/guide/childGuide-RAG-single_529.jsonl
/mnt/pfs-guan-ssai/nlu/renhuimin/rag_tool/data/train_data/sft/jsonl/latest/renhuimin_assistant_sft/guide/adultGuide-noRAG-multi_445.jsonl
/mnt/pfs-guan-ssai/nlu/renhuimin/rag_tool/data/train_data/sft/jsonl/latest/renhuimin_assistant_sft/guide/childGuide-noRAG-multi_270.jsonl
/mnt/pfs-guan-ssai/nlu/renhuimin/rag_tool/data/train_data/sft/jsonl/latest/renhuimin_assistant_sft/guide/childGuide-RAG-multi_697.jsonl
/mnt/pfs-guan-ssai/nlu/renhuimin/rag_tool/data/train_data/sft/jsonl/latest/renhuimin_assistant_sft/guide/adultGuide-RAG-multi_306.jsonl
/mnt/pfs-guan-ssai/nlu/renhuimin/rag_tool/data/train_data/sft/jsonl/latest/renhuimin_assistant_sft/guide/dialogue_guidance_songming_0730/child_data.jsonl
/mnt/pfs-guan-ssai/nlu/renhuimin/rag_tool/data/train_data/sft/jsonl/latest/renhuimin_assistant_sft/guide/dialogue_guidance_songming_0730/0325_儿童单轮不引导_sft.jsonl
/mnt/pfs-guan-ssai/nlu/renhuimin/rag_tool/data/train_data/sft/jsonl/latest/renhuimin_assistant_sft/guide/dialogue_guidance_songming_0730/0325_成人和儿童_多轮sft.jsonl
读入原始数据总数量 259968
Namespace(input_folder='/mnt/pfs-guan-ssai/nlu/renhuimin/rag_tool/data/train_data/sft/jsonl/latest/renhuimin_assistant_sft/', output_folder='/mnt/pfs-guan-ssai/nlu/renhuimin/data/trained_querys/')
/mnt/pfs-guan-ssai/nlu/renhuimin/rag_tool/data/train_data/sft/jsonl/latest/renhuimin_assistant_sft/guide/childGuide-noRAG-multi_270.jsonl
/mnt/pfs-guan-ssai/nlu/renhuimin/rag_tool/data/train_data/sft/jsonl/latest/renhuimin_assistant_sft/guide/adultGuide-noRAG-multi_445.jsonl
/mnt/pfs-guan-ssai/nlu/renhuimin/rag_tool/data/train_data/sft/jsonl/latest/renhuimin_assistant_sft/guide/childGuide-RAG-single_529.jsonl
/mnt/pfs-guan-ssai/nlu/renhuimin/rag_tool/data/train_data/sft/jsonl/latest/renhuimin_assistant_sft/guide/adultGuide-RAG-multi_306.jsonl
/mnt/pfs-guan-ssai/nlu/renhuimin/rag_tool/data/train_data/sft/jsonl/latest/renhuimin_assistant_sft/guide/childGuide-RAG-multi_697.jsonl
/mnt/pfs-guan-ssai/nlu/renhuimin/rag_tool/data/train_data/sft/jsonl/latest/renhuimin_assistant_sft/guide/dialogue_guidance_songming_0730/child_data.jsonl
/mnt/pfs-guan-ssai/nlu/renhuimin/rag_tool/data/train_data/sft/jsonl/latest/renhuimin_assistant_sft/guide/dialogue_guidance_songming_0730/0325_成人和儿童_多轮sft.jsonl
/mnt/pfs-guan-ssai/nlu/renhuimin/rag_tool/data/train_data/sft/jsonl/latest/renhuimin_assistant_sft/guide/dialogue_guidance_songming_0730/0325_儿童单轮不引导_sft.jsonl
/mnt/pfs-guan-ssai/nlu/renhuimin/rag_tool/data/train_data/sft/jsonl/latest/renhuimin_assistant_sft/business/general/character-single.jsonl
/mnt/pfs-guan-ssai/nlu/renhuimin/rag_tool/data/train_data/sft/jsonl/latest/renhuimin_assistant_sft/business/general/general-single.jsonl
/mnt/pfs-guan-ssai/nlu/renhuimin/rag_tool/data/train_data/sft/jsonl/latest/renhuimin_assistant_sft/business/general/baikeMovie-single.jsonl
/mnt/pfs-guan-ssai/nlu/renhuimin/rag_tool/data/train_data/sft/jsonl/latest/renhuimin_assistant_sft/business/general/whynot-single.jsonl
/mnt/pfs-guan-ssai/nlu/renhuimin/rag_tool/data/train_data/sft/jsonl/latest/renhuimin_assistant_sft/business/general/brCard-single.jsonl
/mnt/pfs-guan-ssai/nlu/renhuimin/rag_tool/data/train_data/sft/jsonl/latest/renhuimin_assistant_sft/business/general/p0123-single.jsonl
/mnt/pfs-guan-ssai/nlu/renhuimin/rag_tool/data/train_data/sft/jsonl/latest/renhuimin_assistant_sft/business/general/zhihu-single.jsonl
/mnt/pfs-guan-ssai/nlu/renhuimin/rag_tool/data/train_data/sft/jsonl/latest/renhuimin_assistant_sft/business/general/poem-single.jsonl
/mnt/pfs-guan-ssai/nlu/renhuimin/rag_tool/data/train_data/sft/jsonl/latest/renhuimin_assistant_sft/business/general/baikePPl-single.jsonl
/mnt/pfs-guan-ssai/nlu/renhuimin/rag_tool/data/train_data/sft/jsonl/latest/renhuimin_assistant_sft/business/general/multi/poem-sameCate-multi.jsonl
/mnt/pfs-guan-ssai/nlu/renhuimin/rag_tool/data/train_data/sft/jsonl/latest/renhuimin_assistant_sft/business/general/multi/baikeMovie-self-multi.jsonl
/mnt/pfs-guan-ssai/nlu/renhuimin/rag_tool/data/train_data/sft/jsonl/latest/renhuimin_assistant_sft/business/general/multi/character-self-multi.jsonl
/mnt/pfs-guan-ssai/nlu/renhuimin/rag_tool/data/train_data/sft/jsonl/latest/renhuimin_assistant_sft/business/general/multi/baikeMovie-sameCate-multi.jsonl
/mnt/pfs-guan-ssai/nlu/renhuimin/rag_tool/data/train_data/sft/jsonl/latest/renhuimin_assistant_sft/business/general/multi/general-sameCate-multi.jsonl
/mnt/pfs-guan-ssai/nlu/renhuimin/rag_tool/data/train_data/sft/jsonl/latest/renhuimin_assistant_sft/business/general/multi/digits-sameCate-multi.jsonl
/mnt/pfs-guan-ssai/nlu/renhuimin/rag_tool/data/train_data/sft/jsonl/latest/renhuimin_assistant_sft/business/general/multi/brCard-sameCate-multi.jsonl
/mnt/pfs-guan-ssai/nlu/renhuimin/rag_tool/data/train_data/sft/jsonl/latest/renhuimin_assistant_sft/business/general/multi/onlineLog-self-multi.jsonl
/mnt/pfs-guan-ssai/nlu/renhuimin/rag_tool/data/train_data/sft/jsonl/latest/renhuimin_assistant_sft/business/general/multi/obsQiyi-sameCate-multi.jsonl
/mnt/pfs-guan-ssai/nlu/renhuimin/rag_tool/data/train_data/sft/jsonl/latest/renhuimin_assistant_sft/business/general/multi/brCard-self-multi.jsonl
/mnt/pfs-guan-ssai/nlu/renhuimin/rag_tool/data/train_data/sft/jsonl/latest/renhuimin_assistant_sft/business/general/multi/whynot-sameCate-multi.jsonl
/mnt/pfs-guan-ssai/nlu/renhuimin/rag_tool/data/train_data/sft/jsonl/latest/renhuimin_assistant_sft/business/general/multi/p0123-sameCate-multi.jsonl
/mnt/pfs-guan-ssai/nlu/renhuimin/rag_tool/data/train_data/sft/jsonl/latest/renhuimin_assistant_sft/business/general/multi/digits-self-multi.jsonl
/mnt/pfs-guan-ssai/nlu/renhuimin/rag_tool/data/train_data/sft/jsonl/latest/renhuimin_assistant_sft/business/general/multi/p0123-self-multi.jsonl
/mnt/pfs-guan-ssai/nlu/renhuimin/rag_tool/data/train_data/sft/jsonl/latest/renhuimin_assistant_sft/business/general/multi/general-self-multi.jsonl
/mnt/pfs-guan-ssai/nlu/renhuimin/rag_tool/data/train_data/sft/jsonl/latest/renhuimin_assistant_sft/business/general/multi/obsQiyi-self-multi.jsonl
/mnt/pfs-guan-ssai/nlu/renhuimin/rag_tool/data/train_data/sft/jsonl/latest/renhuimin_assistant_sft/business/general/multi/onlineLog-sameCate-multi.jsonl
/mnt/pfs-guan-ssai/nlu/renhuimin/rag_tool/data/train_data/sft/jsonl/latest/renhuimin_assistant_sft/business/general/multi/zhihu-sameCate-multi.jsonl
/mnt/pfs-guan-ssai/nlu/renhuimin/rag_tool/data/train_data/sft/jsonl/latest/renhuimin_assistant_sft/business/general/multi/baikePPl-sameCate-multi.jsonl
/mnt/pfs-guan-ssai/nlu/renhuimin/rag_tool/data/train_data/sft/jsonl/latest/renhuimin_assistant_sft/business/general/multi/poem-self-multi.jsonl
/mnt/pfs-guan-ssai/nlu/renhuimin/rag_tool/data/train_data/sft/jsonl/latest/renhuimin_assistant_sft/business/general/multi/obsTime-self-multi.jsonl
/mnt/pfs-guan-ssai/nlu/renhuimin/rag_tool/data/train_data/sft/jsonl/latest/renhuimin_assistant_sft/business/general/multi/zhihu-self-multi.jsonl
/mnt/pfs-guan-ssai/nlu/renhuimin/rag_tool/data/train_data/sft/jsonl/latest/renhuimin_assistant_sft/business/general/multi/baikePPl-self-multi.jsonl
/mnt/pfs-guan-ssai/nlu/renhuimin/rag_tool/data/train_data/sft/jsonl/latest/renhuimin_assistant_sft/business/general/multi/whynot-self-multi.jsonl
/mnt/pfs-guan-ssai/nlu/renhuimin/rag_tool/data/train_data/sft/jsonl/latest/renhuimin_assistant_sft/business/general/multi/obsTime-sameCate-multi.jsonl
/mnt/pfs-guan-ssai/nlu/renhuimin/rag_tool/data/train_data/sft/jsonl/latest/renhuimin_assistant_sft/business/general/multi/character-sameCate-multi.jsonl
/mnt/pfs-guan-ssai/nlu/renhuimin/rag_tool/data/train_data/sft/jsonl/latest/renhuimin_assistant_sft/business/car/realtime-single.jsonl
/mnt/pfs-guan-ssai/nlu/renhuimin/rag_tool/data/train_data/sft/jsonl/latest/renhuimin_assistant_sft/business/car/cxo-single.jsonl
/mnt/pfs-guan-ssai/nlu/renhuimin/rag_tool/data/train_data/sft/jsonl/latest/renhuimin_assistant_sft/business/car/wholeComparison-single.jsonl
/mnt/pfs-guan-ssai/nlu/renhuimin/rag_tool/data/train_data/sft/jsonl/latest/renhuimin_assistant_sft/business/car/half-single.jsonl
/mnt/pfs-guan-ssai/nlu/renhuimin/rag_tool/data/train_data/sft/jsonl/latest/renhuimin_assistant_sft/business/car/irrelevant-single.jsonl
/mnt/pfs-guan-ssai/nlu/renhuimin/rag_tool/data/train_data/sft/jsonl/latest/renhuimin_assistant_sft/business/car/prompt-single.jsonl
/mnt/pfs-guan-ssai/nlu/renhuimin/rag_tool/data/train_data/sft/jsonl/latest/renhuimin_assistant_sft/business/car/brCard-single.jsonl
/mnt/pfs-guan-ssai/nlu/renhuimin/rag_tool/data/train_data/sft/jsonl/latest/renhuimin_assistant_sft/business/car/nobr-single.jsonl
/mnt/pfs-guan-ssai/nlu/renhuimin/rag_tool/data/train_data/sft/jsonl/latest/renhuimin_assistant_sft/business/car/charge-single.jsonl
/mnt/pfs-guan-ssai/nlu/renhuimin/rag_tool/data/train_data/sft/jsonl/latest/renhuimin_assistant_sft/business/car/service-single.jsonl
/mnt/pfs-guan-ssai/nlu/renhuimin/rag_tool/data/train_data/sft/jsonl/latest/renhuimin_assistant_sft/business/car/paramComparison-single.jsonl
/mnt/pfs-guan-ssai/nlu/renhuimin/rag_tool/data/train_data/sft/jsonl/latest/renhuimin_assistant_sft/business/car/multi/service-sameCate-multi.jsonl
/mnt/pfs-guan-ssai/nlu/renhuimin/rag_tool/data/train_data/sft/jsonl/latest/renhuimin_assistant_sft/business/car/multi/prompt-self-multi.jsonl
/mnt/pfs-guan-ssai/nlu/renhuimin/rag_tool/data/train_data/sft/jsonl/latest/renhuimin_assistant_sft/business/car/multi/cxo-self-multi.jsonl
/mnt/pfs-guan-ssai/nlu/renhuimin/rag_tool/data/train_data/sft/jsonl/latest/renhuimin_assistant_sft/business/car/multi/charge-sameCate-multi.jsonl
/mnt/pfs-guan-ssai/nlu/renhuimin/rag_tool/data/train_data/sft/jsonl/latest/renhuimin_assistant_sft/business/car/multi/nobr-sameCate-multi.jsonl
/mnt/pfs-guan-ssai/nlu/renhuimin/rag_tool/data/train_data/sft/jsonl/latest/renhuimin_assistant_sft/business/car/multi/realtime-sameCate-multi.jsonl
/mnt/pfs-guan-ssai/nlu/renhuimin/rag_tool/data/train_data/sft/jsonl/latest/renhuimin_assistant_sft/business/car/multi/half-sameCate-multi.jsonl
/mnt/pfs-guan-ssai/nlu/renhuimin/rag_tool/data/train_data/sft/jsonl/latest/renhuimin_assistant_sft/business/car/multi/half-self-multi.jsonl
/mnt/pfs-guan-ssai/nlu/renhuimin/rag_tool/data/train_data/sft/jsonl/latest/renhuimin_assistant_sft/business/car/multi/wholeComparison-sameCate-multi.jsonl
/mnt/pfs-guan-ssai/nlu/renhuimin/rag_tool/data/train_data/sft/jsonl/latest/renhuimin_assistant_sft/business/car/multi/nobr-self-multi.jsonl
/mnt/pfs-guan-ssai/nlu/renhuimin/rag_tool/data/train_data/sft/jsonl/latest/renhuimin_assistant_sft/business/car/multi/CarOnlineLog-sameCate-multi.jsonl
/mnt/pfs-guan-ssai/nlu/renhuimin/rag_tool/data/train_data/sft/jsonl/latest/renhuimin_assistant_sft/business/car/multi/brCard-self-multi.jsonl
/mnt/pfs-guan-ssai/nlu/renhuimin/rag_tool/data/train_data/sft/jsonl/latest/renhuimin_assistant_sft/business/car/multi/prompt-sameCate-multi.jsonl
/mnt/pfs-guan-ssai/nlu/renhuimin/rag_tool/data/train_data/sft/jsonl/latest/renhuimin_assistant_sft/business/car/multi/irrelevant-sameCate-multi.jsonl
/mnt/pfs-guan-ssai/nlu/renhuimin/rag_tool/data/train_data/sft/jsonl/latest/renhuimin_assistant_sft/business/car/multi/CarOnlineLog-self-multi.jsonl
/mnt/pfs-guan-ssai/nlu/renhuimin/rag_tool/data/train_data/sft/jsonl/latest/renhuimin_assistant_sft/business/car/multi/irrelevant-self-multi.jsonl
/mnt/pfs-guan-ssai/nlu/renhuimin/rag_tool/data/train_data/sft/jsonl/latest/renhuimin_assistant_sft/business/car/multi/charge-self-multi.jsonl
/mnt/pfs-guan-ssai/nlu/renhuimin/rag_tool/data/train_data/sft/jsonl/latest/renhuimin_assistant_sft/business/car/multi/cxo-sameCate-multi.jsonl
/mnt/pfs-guan-ssai/nlu/renhuimin/rag_tool/data/train_data/sft/jsonl/latest/renhuimin_assistant_sft/business/car/multi/paramComparison-sameCate-multi.jsonl
/mnt/pfs-guan-ssai/nlu/renhuimin/rag_tool/data/train_data/sft/jsonl/latest/renhuimin_assistant_sft/business/car/multi/realtime-self-multi.jsonl
/mnt/pfs-guan-ssai/nlu/renhuimin/rag_tool/data/train_data/sft/jsonl/latest/renhuimin_assistant_sft/business/car/multi/wholeComparison-self-multi.jsonl
/mnt/pfs-guan-ssai/nlu/renhuimin/rag_tool/data/train_data/sft/jsonl/latest/renhuimin_assistant_sft/business/car/multi/service-self-multi.jsonl
/mnt/pfs-guan-ssai/nlu/renhuimin/rag_tool/data/train_data/sft/jsonl/latest/renhuimin_assistant_sft/business/car/multi/paramComparison-self-multi.jsonl
/mnt/pfs-guan-ssai/nlu/renhuimin/rag_tool/data/train_data/sft/jsonl/latest/renhuimin_assistant_sft/business/car/multi/brCard-sameCate-multi.jsonl
/mnt/pfs-guan-ssai/nlu/renhuimin/rag_tool/data/train_data/sft/jsonl/latest/renhuimin_assistant_sft/business/entertainment/movie-single.jsonl
/mnt/pfs-guan-ssai/nlu/renhuimin/rag_tool/data/train_data/sft/jsonl/latest/renhuimin_assistant_sft/business/entertainment/sports_multi.jsonl
/mnt/pfs-guan-ssai/nlu/renhuimin/rag_tool/data/train_data/sft/jsonl/latest/renhuimin_assistant_sft/business/entertainment/news-single.jsonl
/mnt/pfs-guan-ssai/nlu/renhuimin/rag_tool/data/train_data/sft/jsonl/latest/renhuimin_assistant_sft/business/entertainment/sports-single.jsonl
/mnt/pfs-guan-ssai/nlu/renhuimin/rag_tool/data/train_data/sft/jsonl/latest/renhuimin_assistant_sft/business/entertainment/music-single.jsonl
/mnt/pfs-guan-ssai/nlu/renhuimin/rag_tool/data/train_data/sft/jsonl/latest/renhuimin_assistant_sft/business/entertainment/multi/movie-self-multi.jsonl
/mnt/pfs-guan-ssai/nlu/renhuimin/rag_tool/data/train_data/sft/jsonl/latest/renhuimin_assistant_sft/business/entertainment/multi/music-self-multi.jsonl
/mnt/pfs-guan-ssai/nlu/renhuimin/rag_tool/data/train_data/sft/jsonl/latest/renhuimin_assistant_sft/business/entertainment/multi/sports-self-multi.jsonl
/mnt/pfs-guan-ssai/nlu/renhuimin/rag_tool/data/train_data/sft/jsonl/latest/renhuimin_assistant_sft/business/entertainment/multi/news-self-multi.jsonl
/mnt/pfs-guan-ssai/nlu/renhuimin/rag_tool/data/train_data/sft/jsonl/latest/renhuimin_assistant_sft/business/entertainment/multi/music-sameCate-multi.jsonl
/mnt/pfs-guan-ssai/nlu/renhuimin/rag_tool/data/train_data/sft/jsonl/latest/renhuimin_assistant_sft/business/entertainment/multi/movie-sameCate-multi.jsonl
/mnt/pfs-guan-ssai/nlu/renhuimin/rag_tool/data/train_data/sft/jsonl/latest/renhuimin_assistant_sft/business/entertainment/multi/sports-sameCate-multi.jsonl
/mnt/pfs-guan-ssai/nlu/renhuimin/rag_tool/data/train_data/sft/jsonl/latest/renhuimin_assistant_sft/business/entertainment/multi/news-sameCate-multi.jsonl
/mnt/pfs-guan-ssai/nlu/renhuimin/rag_tool/data/train_data/sft/jsonl/latest/renhuimin_assistant_sft/business/tourism/planning-single.jsonl
/mnt/pfs-guan-ssai/nlu/renhuimin/rag_tool/data/train_data/sft/jsonl/latest/renhuimin_assistant_sft/business/tourism/tourism-single.jsonl
/mnt/pfs-guan-ssai/nlu/renhuimin/rag_tool/data/train_data/sft/jsonl/latest/renhuimin_assistant_sft/business/tourism/nobr-single.jsonl
/mnt/pfs-guan-ssai/nlu/renhuimin/rag_tool/data/train_data/sft/jsonl/latest/renhuimin_assistant_sft/business/tourism/brCard-single.jsonl
/mnt/pfs-guan-ssai/nlu/renhuimin/rag_tool/data/train_data/sft/jsonl/latest/renhuimin_assistant_sft/business/tourism/location-single.jsonl
/mnt/pfs-guan-ssai/nlu/renhuimin/rag_tool/data/train_data/sft/jsonl/latest/renhuimin_assistant_sft/business/tourism/multi/nobr-sameCate-multi.jsonl
/mnt/pfs-guan-ssai/nlu/renhuimin/rag_tool/data/train_data/sft/jsonl/latest/renhuimin_assistant_sft/business/tourism/multi/onlineLog-sameCate-multi.jsonl
/mnt/pfs-guan-ssai/nlu/renhuimin/rag_tool/data/train_data/sft/jsonl/latest/renhuimin_assistant_sft/business/tourism/multi/brCard-sameCate-multi.jsonl
/mnt/pfs-guan-ssai/nlu/renhuimin/rag_tool/data/train_data/sft/jsonl/latest/renhuimin_assistant_sft/business/tourism/multi/planning-sameCate-multi.jsonl
/mnt/pfs-guan-ssai/nlu/renhuimin/rag_tool/data/train_data/sft/jsonl/latest/renhuimin_assistant_sft/business/tourism/multi/planning-self-multi.jsonl
/mnt/pfs-guan-ssai/nlu/renhuimin/rag_tool/data/train_data/sft/jsonl/latest/renhuimin_assistant_sft/business/tourism/multi/tourism-sameCate-multi.jsonl
/mnt/pfs-guan-ssai/nlu/renhuimin/rag_tool/data/train_data/sft/jsonl/latest/renhuimin_assistant_sft/business/tourism/multi/location-sameCate-multi.jsonl
/mnt/pfs-guan-ssai/nlu/renhuimin/rag_tool/data/train_data/sft/jsonl/latest/renhuimin_assistant_sft/business/tourism/multi/brCard-self-multi.jsonl
/mnt/pfs-guan-ssai/nlu/renhuimin/rag_tool/data/train_data/sft/jsonl/latest/renhuimin_assistant_sft/business/tourism/multi/onlineLog-self-multi.jsonl
/mnt/pfs-guan-ssai/nlu/renhuimin/rag_tool/data/train_data/sft/jsonl/latest/renhuimin_assistant_sft/business/tourism/multi/nobr-self-multi.jsonl
/mnt/pfs-guan-ssai/nlu/renhuimin/rag_tool/data/train_data/sft/jsonl/latest/renhuimin_assistant_sft/business/tourism/multi/tourism-self-multi.jsonl
/mnt/pfs-guan-ssai/nlu/renhuimin/rag_tool/data/train_data/sft/jsonl/latest/renhuimin_assistant_sft/business/tourism/multi/location-self-multi.jsonl
/mnt/pfs-guan-ssai/nlu/renhuimin/rag_tool/data/train_data/sft/jsonl/latest/renhuimin_assistant_sft/skills/car_table_31.jsonl
/mnt/pfs-guan-ssai/nlu/renhuimin/rag_tool/data/train_data/sft/jsonl/latest/renhuimin_assistant_sft/skills/digits-single.jsonl
/mnt/pfs-guan-ssai/nlu/renhuimin/rag_tool/data/train_data/sft/jsonl/latest/renhuimin_assistant_sft/skills/skills-single.jsonl
/mnt/pfs-guan-ssai/nlu/renhuimin/rag_tool/data/train_data/sft/jsonl/latest/renhuimin_assistant_sft/skills/car_table_88.jsonl
/mnt/pfs-guan-ssai/nlu/renhuimin/rag_tool/data/train_data/sft/jsonl/latest/renhuimin_assistant_sft/skills/obsMoreIrre1-single.jsonl
/mnt/pfs-guan-ssai/nlu/renhuimin/rag_tool/data/train_data/sft/jsonl/latest/renhuimin_assistant_sft/skills/charYou_1422.jsonl
/mnt/pfs-guan-ssai/nlu/renhuimin/rag_tool/data/train_data/sft/jsonl/latest/renhuimin_assistant_sft/skills/dpo_positive_sft_entityQA_error_0808.jsonl
/mnt/pfs-guan-ssai/nlu/renhuimin/rag_tool/data/train_data/sft/jsonl/latest/renhuimin_assistant_sft/skills/obsMoreRel2k-single.jsonl
/mnt/pfs-guan-ssai/nlu/renhuimin/rag_tool/data/train_data/sft/jsonl/latest/renhuimin_assistant_sft/skills/dpo_positive_sft_entityQA_ambig_0808.jsonl
/mnt/pfs-guan-ssai/nlu/renhuimin/rag_tool/data/train_data/sft/jsonl/latest/renhuimin_assistant_sft/skills/obsQiyi-single.jsonl
/mnt/pfs-guan-ssai/nlu/renhuimin/rag_tool/data/train_data/sft/jsonl/latest/renhuimin_assistant_sft/skills/command_37.jsonl
/mnt/pfs-guan-ssai/nlu/renhuimin/rag_tool/data/train_data/sft/jsonl/latest/renhuimin_assistant_sft/skills/comparenumber_122.jsonl
/mnt/pfs-guan-ssai/nlu/renhuimin/rag_tool/data/train_data/sft/jsonl/latest/renhuimin_assistant_sft/skills/obsMoreIrre2-single.jsonl
/mnt/pfs-guan-ssai/nlu/renhuimin/rag_tool/data/train_data/sft/jsonl/latest/renhuimin_assistant_sft/skills/obsTime-single.jsonl
/mnt/pfs-guan-ssai/nlu/renhuimin/rag_tool/data/train_data/sft/jsonl/latest/renhuimin_assistant_sft/skills/obsFollowMD-single.jsonl
/mnt/pfs-guan-ssai/nlu/renhuimin/rag_tool/data/train_data/sft/jsonl/latest/renhuimin_assistant_sft/skills/noRAGobs-single.jsonl
/mnt/pfs-guan-ssai/nlu/renhuimin/rag_tool/data/train_data/sft/jsonl/latest/renhuimin_assistant_sft/log_app/appLogRaw_1763.jsonl
/mnt/pfs-guan-ssai/nlu/renhuimin/rag_tool/data/train_data/sft/jsonl/latest/renhuimin_assistant_sft/log_app/appLog_by0804_1500.jsonl
/mnt/pfs-guan-ssai/nlu/renhuimin/rag_tool/data/train_data/sft/jsonl/latest/renhuimin_assistant_sft/log_app/appLogGeneral_by0717_8k.jsonl
/mnt/pfs-guan-ssai/nlu/renhuimin/rag_tool/data/train_data/sft/jsonl/latest/renhuimin_assistant_sft/log_app/appLog_dpo_by0808_120.jsonl
/mnt/pfs-guan-ssai/nlu/renhuimin/rag_tool/data/train_data/sft/jsonl/latest/renhuimin_assistant_sft/log_app/appTest_1k.jsonl
/mnt/pfs-guan-ssai/nlu/renhuimin/rag_tool/data/train_data/sft/jsonl/latest/renhuimin_assistant_sft/log_app/sft_by0812.jsonl
/mnt/pfs-guan-ssai/nlu/renhuimin/rag_tool/data/train_data/sft/jsonl/latest/renhuimin_assistant_sft/log_app/vip122.jsonl
/mnt/pfs-guan-ssai/nlu/renhuimin/rag_tool/data/train_data/sft/jsonl/latest/renhuimin_assistant_sft/log_app/sft_by0807.jsonl
/mnt/pfs-guan-ssai/nlu/renhuimin/rag_tool/data/train_data/sft/jsonl/latest/renhuimin_assistant_sft/log_app/appLog_by0804_700.jsonl
/mnt/pfs-guan-ssai/nlu/renhuimin/rag_tool/data/train_data/sft/jsonl/latest/renhuimin_assistant_sft/log_car/TourismOnlineLog-single.jsonl
/mnt/pfs-guan-ssai/nlu/renhuimin/rag_tool/data/train_data/sft/jsonl/latest/renhuimin_assistant_sft/log_car/generalOnlineLog-single.jsonl
/mnt/pfs-guan-ssai/nlu/renhuimin/rag_tool/data/train_data/sft/jsonl/latest/renhuimin_assistant_sft/log_car/CarOnlineLog-single.jsonl
/mnt/pfs-guan-ssai/nlu/renhuimin/rag_tool/data/train_data/sft/jsonl/latest/renhuimin_assistant_sft/multi_turn/auto_multi_46k_0615.jsonl
/mnt/pfs-guan-ssai/nlu/renhuimin/rag_tool/data/train_data/sft/jsonl/latest/renhuimin_assistant_sft/multi_turn/human_multi_Feb1k.jsonl
/mnt/pfs-guan-ssai/nlu/renhuimin/rag_tool/data/train_data/sft/jsonl/latest/renhuimin_assistant_sft/multi_turn/multi_MarAprMay5k.jsonl
/mnt/pfs-guan-ssai/nlu/renhuimin/rag_tool/data/train_data/sft/jsonl/latest/renhuimin_assistant_sft/multi_turn/human_multi_29kto10k.jsonl
/mnt/pfs-guan-ssai/nlu/renhuimin/rag_tool/data/train_data/sft/jsonl/latest/renhuimin_assistant_sft/multi_turn/human_multi_12kto6k.jsonl
/mnt/pfs-guan-ssai/nlu/renhuimin/rag_tool/data/train_data/sft/jsonl/latest/renhuimin_assistant_sft/log_feishu/feishuLog_by0721_4k.jsonl
读入原始数据总数量 263784
